<?xml version="1.0" encoding="UTF-8"?>
<!-- Generated by org.testng.reporters.JUnitReportReporter -->
<testsuite hostname="DESKTOP-RH3USD0" failures="0" tests="3" name="test.day4" time="0.016" errors="0" timestamp="2024-03-03T09:56:23 IST" skipped="0">
  <testcase classname="test.day4" name="MobileloginhomeLoan" time="0.002"/>
  <system-out/>
  <testcase classname="test.day4" name="LoginAPIhomeLoan" time="0.010"/>
  <system-out/>
  <testcase classname="test.day4" name="WebloginhomeLoan" time="0.004"/>
  <system-out/>
</testsuite> <!-- test.day4 -->
