<?xml version="1.0" encoding="UTF-8"?>
<!-- Generated by org.testng.reporters.JUnitReportReporter -->
<testsuite hostname="DESKTOP-RH3USD0" failures="0" tests="1" name="test.PS1" time="0.012" errors="0" timestamp="2024-03-03T17:52:54 IST" skipped="0">
  <testcase classname="test.PS1" name="testRun" time="0.012"/>
  <system-out/>
</testsuite> <!-- test.PS1 -->
