<?xml version="1.0" encoding="UTF-8"?>
<!-- Generated by org.testng.reporters.JUnitReportReporter -->
<testsuite hostname="DESKTOP-RH3USD0" failures="0" tests="1" name="rahulshettyacademy.ExtentReports.ExtentReportDemo" time="5.596" errors="0" timestamp="2024-03-23T18:56:03 IST" skipped="0">
  <testcase classname="rahulshettyacademy.ExtentReports.ExtentReportDemo" name="initialDemo" time="5.596"/>
  <system-out/>
</testsuite> <!-- rahulshettyacademy.ExtentReports.ExtentReportDemo -->
