<?xml version="1.0" encoding="UTF-8"?>
<!-- Generated by org.testng.reporters.JUnitReportReporter -->
<testsuite hostname="DESKTOP-RH3USD0" failures="0" tests="1" name="test.day6" time="0.001" errors="0" timestamp="2024-03-02T19:32:09 IST" skipped="0">
  <testcase classname="test.day6" name="jkl" time="0.001"/>
  <system-out/>
</testsuite> <!-- test.day6 -->
