<?xml version="1.0" encoding="UTF-8"?>
<!-- Generated by org.testng.reporters.JUnitReportReporter -->
<testsuite hostname="DESKTOP-RH3USD0" failures="0" tests="1" name="test.day5" time="0.009" errors="0" timestamp="2024-03-02T19:32:09 IST" skipped="0">
  <testcase classname="test.day5" name="Demosf" time="0.009"/>
  <system-out/>
</testsuite> <!-- test.day5 -->
