<?xml version="1.0" encoding="UTF-8"?>
<!-- Generated by org.testng.reporters.JUnitReportReporter -->
<testsuite hostname="DESKTOP-RH3USD0" failures="0" tests="3" name="rahulshettyacademy.tests.StandAloneTest" time="35.844" errors="0" timestamp="2024-03-31T18:41:05 IST" skipped="0">
  <testcase classname="rahulshettyacademy.tests.StandAloneTest" name="submitOrder" time="12.773"/>
  <testcase classname="rahulshettyacademy.tests.StandAloneTest" name="OrderHistoryTest" time="9.977"/>
  <testcase classname="rahulshettyacademy.tests.StandAloneTest" name="submitOrder" time="13.094"/>
</testsuite> <!-- rahulshettyacademy.tests.StandAloneTest -->
