<?xml version="1.0" encoding="UTF-8"?>
<!-- Generated by org.testng.reporters.JUnitReportReporter -->
<testsuite hostname="LAPTOP-ITG5HSF2" failures="0" tests="3" name="rahulshettyacademy.tests.StandAloneTest" time="30.730" errors="0" timestamp="2024-09-01T00:06:01 IST" skipped="0">
  <testcase classname="rahulshettyacademy.tests.StandAloneTest" name="OrderHistoryTest" time="7.372"/>
  <testcase classname="rahulshettyacademy.tests.StandAloneTest" name="submitOrder" time="12.196"/>
  <testcase classname="rahulshettyacademy.tests.StandAloneTest" name="submitOrder" time="11.162"/>
</testsuite> <!-- rahulshettyacademy.tests.StandAloneTest -->
